<?xml version="1.0" encoding="UTF-8"?>
<!-- Generated by org.testng.reporters.JUnitXMLReporter -->
<testsuite ignored="0" hostname="EGCA1-0091" failures="0" tests="8" name="Test" time="80.566" errors="0" timestamp="2022-06-24T16:44:31 EET">
  <testcase classname="main.main" name="checkToastErrorMessage" time="6.409"/>
  <testcase classname="main.main" name="chooseUserCountry" time="25.607"/>
  <testcase classname="main.main" name="addUserName" time="3.716"/>
  <testcase classname="main.main" name="chooseGender" time="1.56"/>
  <testcase classname="main.main" name="goToProductsPage" time="0.214"/>
  <testcase classname="main.main" name="selectAllProducts" time="22.963"/>
  <testcase classname="main.main" name="goToPaymentPage" time="1.126"/>
  <testcase classname="main.main" name="checkConfirmationBox" time="1.856"/>
</testsuite> <!-- Test -->
