<?xml version="1.0" encoding="UTF-8"?>
<!-- Generated by org.testng.reporters.JUnitXMLReporter -->
<testsuite ignored="0" hostname="EGCA1-0091" failures="0" tests="8" name="Test" time="71.175" errors="0" timestamp="2022-02-02T20:19:18 EET">
  <testcase classname="main.main" name="checkToastErrorMessage" time="5.401"/>
  <testcase classname="main.main" name="chooseUserCountry" time="23.161"/>
  <testcase classname="main.main" name="addUserName" time="2.343"/>
  <testcase classname="main.main" name="chooseGender" time="1.06"/>
  <testcase classname="main.main" name="goToProductsPage" time="0.127"/>
  <testcase classname="main.main" name="selectAllProducts" time="21.505"/>
  <testcase classname="main.main" name="goToPaymentPage" time="0.687"/>
  <testcase classname="main.main" name="checkConfirmationBox" time="1.998"/>
</testsuite> <!-- Test -->
