<?xml version="1.0" encoding="UTF-8"?>
<testng-results ignored="0" total="8" passed="8" failed="0" skipped="0">
  <reporter-output>
  </reporter-output>
  <suite started-at="2022-06-24T16:43:10 EET" name="Suite" finished-at="2022-06-24T16:44:31 EET" duration-ms="80566">
    <groups>
    </groups>
    <test started-at="2022-06-24T16:43:10 EET" name="Test" finished-at="2022-06-24T16:44:31 EET" duration-ms="80566">
      <class name="main.main">
        <test-method is-config="true" signature="prepare()[pri:0, instance:main.main@4f80542f]" started-at="2022-06-24T16:43:10 EET" name="prepare" finished-at="2022-06-24T16:43:27 EET" duration-ms="16596" status="PASS">
          <reporter-output>
          </reporter-output>
        </test-method> <!-- prepare -->
        <test-method signature="checkToastErrorMessage()[pri:1, instance:main.main@4f80542f]" started-at="2022-06-24T16:43:27 EET" name="checkToastErrorMessage" finished-at="2022-06-24T16:43:33 EET" duration-ms="6409" status="PASS">
          <reporter-output>
          </reporter-output>
        </test-method> <!-- checkToastErrorMessage -->
        <test-method signature="chooseUserCountry()[pri:2, instance:main.main@4f80542f]" started-at="2022-06-24T16:43:33 EET" name="chooseUserCountry" finished-at="2022-06-24T16:43:59 EET" duration-ms="25607" status="PASS">
          <reporter-output>
          </reporter-output>
        </test-method> <!-- chooseUserCountry -->
        <test-method signature="addUserName()[pri:3, instance:main.main@4f80542f]" started-at="2022-06-24T16:43:59 EET" name="addUserName" finished-at="2022-06-24T16:44:03 EET" duration-ms="3716" status="PASS">
          <reporter-output>
          </reporter-output>
        </test-method> <!-- addUserName -->
        <test-method signature="chooseGender()[pri:4, instance:main.main@4f80542f]" started-at="2022-06-24T16:44:03 EET" name="chooseGender" finished-at="2022-06-24T16:44:04 EET" duration-ms="1560" status="PASS">
          <reporter-output>
          </reporter-output>
        </test-method> <!-- chooseGender -->
        <test-method signature="goToProductsPage()[pri:5, instance:main.main@4f80542f]" started-at="2022-06-24T16:44:04 EET" name="goToProductsPage" finished-at="2022-06-24T16:44:05 EET" duration-ms="214" status="PASS">
          <reporter-output>
          </reporter-output>
        </test-method> <!-- goToProductsPage -->
        <test-method signature="selectAllProducts()[pri:6, instance:main.main@4f80542f]" started-at="2022-06-24T16:44:05 EET" name="selectAllProducts" finished-at="2022-06-24T16:44:28 EET" duration-ms="22963" status="PASS">
          <reporter-output>
          </reporter-output>
        </test-method> <!-- selectAllProducts -->
        <test-method signature="goToPaymentPage()[pri:7, instance:main.main@4f80542f]" started-at="2022-06-24T16:44:28 EET" name="goToPaymentPage" finished-at="2022-06-24T16:44:29 EET" duration-ms="1126" status="PASS">
          <reporter-output>
          </reporter-output>
        </test-method> <!-- goToPaymentPage -->
        <test-method signature="checkConfirmationBox()[pri:8, instance:main.main@4f80542f]" started-at="2022-06-24T16:44:29 EET" name="checkConfirmationBox" finished-at="2022-06-24T16:44:31 EET" duration-ms="1856" status="PASS">
          <reporter-output>
          </reporter-output>
        </test-method> <!-- checkConfirmationBox -->
        <test-method is-config="true" signature="TearDown()[pri:0, instance:main.main@4f80542f]" started-at="2022-06-24T16:44:31 EET" name="TearDown" finished-at="2022-06-24T16:44:31 EET" duration-ms="428" status="PASS">
          <reporter-output>
          </reporter-output>
        </test-method> <!-- TearDown -->
      </class> <!-- main.main -->
    </test> <!-- Test -->
  </suite> <!-- Suite -->
</testng-results>
